-------------------------------------------------------------------------------
Test set: TestSuite
-------------------------------------------------------------------------------
Tests run: 2, Failures: 1, Errors: 0, Skipped: 0, Time elapsed: 23.439 s <<< FAILURE! - in TestSuite
com.inetbanking.testCases.TC_NewCustomer_001.TC_NewCustomer001  Time elapsed: 5.465 s  <<< FAILURE!
java.lang.AssertionError: expected [true] but found [false]
	at com.inetbanking.testCases.TC_NewCustomer_001.TC_NewCustomer001(TC_NewCustomer_001.java:33)

